<?xml version="1.0" encoding="UTF-8"?>
<testng-results skipped="0" failed="0" ignored="0" total="1" passed="1">
  <reporter-output>
  </reporter-output>
  <suite name="Suite" duration-ms="38994" started-at="2019-02-04T17:49:40Z" finished-at="2019-02-04T17:50:19Z">
    <groups>
    </groups>
    <test name="Test" duration-ms="38994" started-at="2019-02-04T17:49:40Z" finished-at="2019-02-04T17:50:19Z">
      <class name="test.TestCase1">
        <test-method status="PASS" signature="TestCase1()[pri:0, instance:test.TestCase1@29774679]" name="TestCase1" duration-ms="38844" started-at="2019-02-04T23:19:40Z" finished-at="2019-02-04T23:20:19Z">
          <reporter-output>
          </reporter-output>
        </test-method> <!-- TestCase1 -->
      </class> <!-- test.TestCase1 -->
    </test> <!-- Test -->
  </suite> <!-- Suite -->
</testng-results>
